<component name="libraryTable">
  <library name="JUNIT">
    <CLASSES>
      <root url="file://$USER_HOME$/Desktop/JUNIT" />
    </CLASSES>
    <JAVADOC />
    <SOURCES />
    <jarDirectory url="file://$USER_HOME$/Desktop/JUNIT" recursive="false" />
  </library>
</component>